\BOOKMARK [0][-]{Doc-Start}{\376\377\000A\000V\000A\000N\000T\000-\000P\000R\000O\000P\000O\000S}{}% 1
\BOOKMARK [0][-]{Doc-Start}{\376\377\000R\000E\000M\000E\000R\000C\000I\000E\000M\000E\000N\000T\000S}{}% 2
\BOOKMARK [0][-]{Doc-Start}{\376\377\000R\000\311\000S\000U\000M\000\311}{}% 3
\BOOKMARK [0][-]{Doc-Start}{\376\377\000A\000B\000S\000T\000R\000A\000C\000T}{}% 4
\BOOKMARK [0][-]{etoc@tocid.1}{\376\377\000S\000O\000M\000M\000A\000I\000R\000E}{}% 5
\BOOKMARK [0][-]{etoc@tocid.1}{\376\377\000L\000I\000S\000T\000E\000\040\000D\000E\000S\000\040\000F\000I\000G\000U\000R\000E\000S}{}% 6
\BOOKMARK [0][-]{etoc@tocid.1}{\376\377\000L\000I\000S\000T\000E\000\040\000D\000E\000S\000\040\000T\000A\000B\000L\000E\000A\000U\000X}{}% 7
\BOOKMARK [0][-]{etoc@tocid.1}{\376\377\000L\000I\000S\000T\000E\000\040\000D\000E\000S\000\040\000S\000I\000G\000L\000E\000S\000,\000\040\000A\000C\000R\000O\000N\000Y\000M\000E\000S\000\040\000E\000T\000\040\000A\000B\000R\000\311\000V\000I\000A\000T\000I\000O\000N\000S}{}% 8
\BOOKMARK [0][-]{table.0.1}{\376\377\000I\000N\000T\000R\000O\000D\000U\000C\000T\000I\000O\000N\000\040\000G\000\311\000N\000\311\000R\000A\000L\000E}{}% 9
\BOOKMARK [0][-]{chapter.1}{\376\377\000C\000O\000N\000T\000E\000X\000T\000E\000\040\000D\000E\000\040\000L\000'\000\311\000T\000U\000D\000E}{}% 10
\BOOKMARK [1][-]{section.1.1}{\376\377\000I\000n\000t\000r\000o\000d\000u\000c\000t\000i\000o\000n}{chapter.1}% 11
\BOOKMARK [1][-]{section.1.2}{\376\377\000P\000r\000\351\000s\000e\000n\000t\000a\000t\000i\000o\000n\000\040\000d\000e\000\040\000l\000a\000\040\000s\000t\000r\000u\000c\000t\000u\000r\000e\000\040\000d\000'\000a\000c\000c\000u\000e\000i\000l}{chapter.1}% 12
\BOOKMARK [1][-]{section.1.3}{\376\377\000C\000o\000n\000t\000e\000x\000t\000e\000\040\000e\000t\000\040\000j\000u\000s\000t\000i\000f\000i\000c\000a\000t\000i\000o\000n}{chapter.1}% 13
\BOOKMARK [1][-]{section.1.4}{\376\377\000P\000r\000o\000b\000l\000\351\000m\000a\000t\000i\000q\000u\000e}{chapter.1}% 14
\BOOKMARK [1][-]{section.1.5}{\376\377\000O\000b\000j\000e\000c\000t\000i\000f\000s\000\040\000e\000t\000\040\000m\000\351\000t\000h\000o\000d\000o\000l\000o\000g\000i\000e}{chapter.1}% 15
\BOOKMARK [2][-]{subsection.1.5.1}{\376\377\000O\000b\000j\000e\000c\000t\000i\000f\000s}{section.1.5}% 16
\BOOKMARK [2][-]{subsection.1.5.2}{\376\377\000M\000\351\000t\000h\000o\000d\000o\000l\000o\000g\000i\000e}{section.1.5}% 17
\BOOKMARK [1][-]{section.1.6}{\376\377\000C\000o\000n\000c\000l\000u\000s\000i\000o\000n}{chapter.1}% 18
\BOOKMARK [0][-]{chapter.2}{\376\377\000L\000o\000R\000a\000W\000A\000N\000\040\000e\000t\000\040\000L\000R\000-\000F\000H\000S\000S}{}% 19
\BOOKMARK [1][-]{section.2.1}{\376\377\000I\000n\000t\000r\000o\000d\000u\000c\000t\000i\000o\000n}{chapter.2}% 20
\BOOKMARK [1][-]{section.2.2}{\376\377\000\311\000v\000o\000l\000u\000t\000i\000o\000n\000\040\000d\000e\000\040\000L\000o\000R\000a\000\040\000v\000e\000r\000s\000\040\000L\000R\000-\000F\000H\000S\000S}{chapter.2}% 21
\BOOKMARK [2][-]{subsection.2.2.1}{\376\377\000L\000i\000m\000i\000t\000e\000s\000\040\000d\000u\000\040\000L\000o\000R\000a}{section.2.2}% 22
\BOOKMARK [2][-]{subsection.2.2.2}{\376\377\000O\000r\000i\000g\000i\000n\000e\000s\000\040\000e\000t\000\040\000o\000b\000j\000e\000c\000t\000i\000f\000s\000\040\000d\000u\000\040\000L\000R\000-\000F\000H\000S\000S}{section.2.2}% 23
\BOOKMARK [2][-]{subsection.2.2.3}{\376\377\000D\000i\000f\000f\000\351\000r\000e\000n\000c\000e\000\040\000e\000n\000t\000r\000e\000\040\000L\000o\000R\000a\000\040\000e\000t\000\040\000L\000R\000-\000F\000H\000S\000S}{section.2.2}% 24
\BOOKMARK [1][-]{section.2.3}{\376\377\000A\000r\000c\000h\000i\000t\000e\000c\000t\000u\000r\000e\000\040\000p\000h\000y\000s\000i\000q\000u\000e\000\040\000d\000u\000\040\000L\000R\000-\000F\000H\000S\000S}{chapter.2}% 25
\BOOKMARK [2][-]{subsection.2.3.1}{\376\377\000P\000r\000i\000n\000c\000i\000p\000e\000\040\000d\000e\000\040\000d\000\351\000c\000o\000u\000p\000a\000g\000e\000\040\000s\000p\000e\000c\000t\000r\000a\000l}{section.2.3}% 26
\BOOKMARK [2][-]{subsection.2.3.2}{\376\377\000C\000o\000n\000f\000i\000g\000u\000r\000a\000t\000i\000o\000n\000s\000\040\000d\000e\000s\000\040\000d\000\351\000b\000i\000t\000s\000\040\000d\000e\000\040\000d\000o\000n\000n\000\351\000e\000s\000\040\000\050\000D\000R\000\051}{section.2.3}% 27
\BOOKMARK [1][-]{section.2.4}{\376\377\000S\000t\000r\000u\000c\000t\000u\000r\000e\000\040\000d\000u\000\040\000p\000a\000q\000u\000e\000t\000\040\000L\000R\000-\000F\000H\000S\000S}{chapter.2}% 28
\BOOKMARK [2][-]{subsection.2.4.1}{\376\377\000A\000n\000a\000t\000o\000m\000i\000e\000\040\000d\000'\000u\000n\000e\000\040\000t\000r\000a\000m\000e\000\040\000p\000h\000y\000s\000i\000q\000u\000e}{section.2.4}% 29
\BOOKMARK [2][-]{subsection.2.4.2}{\376\377\000M\000\351\000c\000a\000n\000i\000s\000m\000e\000\040\000d\000e\000\040\000s\000a\000u\000t\000\040\000d\000e\000\040\000f\000r\000\351\000q\000u\000e\000n\000c\000e}{section.2.4}% 30
\BOOKMARK [3][-]{subsubsection.2.4.2.1}{\376\377\000P\000r\000i\000n\000c\000i\000p\000e\000\040\000d\000e\000\040\000f\000o\000n\000c\000t\000i\000o\000n\000n\000e\000m\000e\000n\000t}{subsection.2.4.2}% 31
\BOOKMARK [3][-]{subsubsection.2.4.2.2}{\376\377\000P\000\351\000r\000i\000o\000d\000i\000c\000i\000t\000\351\000\040\000d\000u\000\040\000s\000a\000u\000t}{subsection.2.4.2}% 32
\BOOKMARK [1][-]{section.2.5}{\376\377\000C\000a\000l\000c\000u\000l\000\040\000d\000u\000\040\000t\000e\000m\000p\000s\000\040\000d\000'\000a\000n\000t\000e\000n\000n\000e}{chapter.2}% 33
\BOOKMARK [2][-]{subsection.2.5.1}{\376\377\000I\000m\000p\000o\000r\000t\000a\000n\000c\000e\000\040\000d\000u\000\040\000t\000e\000m\000p\000s\000\040\000d\000'\000a\000n\000t\000e\000n\000n\000e}{section.2.5}% 34
\BOOKMARK [2][-]{subsection.2.5.2}{\376\377\000F\000o\000r\000m\000u\000l\000e\000\040\000g\000\351\000n\000\351\000r\000a\000l\000e}{section.2.5}% 35
\BOOKMARK [2][-]{subsection.2.5.3}{\376\377\000C\000a\000l\000c\000u\000l\000\040\000d\000u\000\040\000t\000e\000m\000p\000s\000\040\000d\000e\000\040\000l\000a\000\040\000c\000h\000a\000r\000g\000e\000\040\000u\000t\000i\000l\000e}{section.2.5}% 36
\BOOKMARK [1][-]{section.2.6}{\376\377\000P\000e\000r\000f\000o\000r\000m\000a\000n\000c\000e\000s\000\040\000e\000t\000\040\000c\000a\000p\000a\000c\000i\000t\000\351\000\040\000d\000u\000\040\000L\000R\000-\000F\000H\000S\000S}{chapter.2}% 37
\BOOKMARK [2][-]{subsection.2.6.1}{\376\377\000A\000p\000p\000o\000r\000t\000s\000\040\000t\000h\000\351\000o\000r\000i\000q\000u\000e\000s}{section.2.6}% 38
\BOOKMARK [3][-]{subsubsection.2.6.1.1}{\376\377\000C\000a\000p\000a\000c\000i\000t\000\351\000\040\000r\000\351\000s\000e\000a\000u\000\040\000d\000\351\000c\000u\000p\000l\000\351\000e}{subsection.2.6.1}% 39
\BOOKMARK [3][-]{subsubsection.2.6.1.2}{\376\377\000R\000o\000b\000u\000s\000t\000e\000s\000s\000e\000\040\000a\000u\000x\000\040\000i\000n\000t\000e\000r\000f\000\351\000r\000e\000n\000c\000e\000s}{subsection.2.6.1}% 40
\BOOKMARK [2][-]{subsection.2.6.2}{\376\377\000V\000a\000l\000i\000d\000a\000t\000i\000o\000n\000\040\000e\000x\000p\000\351\000r\000i\000m\000e\000n\000t\000a\000l\000e}{section.2.6}% 41
\BOOKMARK [3][-]{subsubsection.2.6.2.1}{\376\377\000A\000n\000a\000l\000y\000s\000e\000s\000\040\000r\000\351\000e\000l\000l\000e\000s}{subsection.2.6.2}% 42
\BOOKMARK [3][-]{subsubsection.2.6.2.2}{\376\377\000S\000c\000\351\000n\000a\000r\000i\000o\000s\000\040\000s\000a\000t\000e\000l\000l\000i\000t\000a\000i\000r\000e\000s}{subsection.2.6.2}% 43
\BOOKMARK [2][-]{subsection.2.6.3}{\376\377\000E\000f\000f\000i\000c\000a\000c\000i\000t\000\351\000\040\000\351\000n\000e\000r\000g\000\351\000t\000i\000q\000u\000e}{section.2.6}% 44
\BOOKMARK [1][-]{section.2.7}{\376\377\000C\000o\000n\000c\000l\000u\000s\000i\000o\000n}{chapter.2}% 45
\BOOKMARK [0][-]{chapter.3}{\376\377\000\311\000T\000A\000T\000\040\000D\000E\000\040\000L\000'\000A\000R\000T\000\040\000S\000U\000R\000\040\000L\000'\000O\000P\000T\000I\000M\000I\000S\000A\000T\000I\000O\000N\000\040\000D\000E\000S\000\040\000P\000E\000R\000F\000O\000R\000M\000A\000N\000C\000E\000S\000\040\000D\000U\000\040\000L\000R\000-\000F\000H\000S\000S}{}% 46
\BOOKMARK [1][-]{section.3.1}{\376\377\000I\000n\000t\000r\000o\000d\000u\000c\000t\000i\000o\000n}{chapter.3}% 47
\BOOKMARK [1][-]{section.3.2}{\376\377\000R\000\351\000c\000e\000p\000t\000e\000u\000r\000\040\000L\000R\000-\000F\000H\000S\000S\000\040\000a\000m\000\351\000l\000i\000o\000r\000\351}{chapter.3}% 48
\BOOKMARK [2][-]{subsection.3.2.1}{\376\377\000A\000r\000c\000h\000i\000t\000e\000c\000t\000u\000r\000e\000\040\000d\000e\000\040\000r\000\351\000c\000e\000p\000t\000e\000u\000r\000\040\000a\000u\000g\000m\000e\000n\000t\000\351}{section.3.2}% 49
\BOOKMARK [2][-]{subsection.3.2.2}{\376\377\000R\000\351\000s\000u\000l\000t\000a\000t\000s\000\040\000e\000t\000\040\000a\000n\000a\000l\000y\000s\000e}{section.3.2}% 50
\BOOKMARK [1][-]{section.3.3}{\376\377\000O\000p\000t\000i\000m\000i\000s\000a\000t\000i\000o\000n\000\040\000d\000e\000s\000\040\000s\000\351\000q\000u\000e\000n\000c\000e\000s\000\040\000d\000e\000\040\000s\000a\000u\000t\000\040\000e\000t\000\040\000d\000'\000a\000l\000l\000o\000c\000a\000t\000i\000o\000n\000\040\000d\000e\000s\000\040\000d\000\351\000m\000o\000d\000u\000l\000a\000t\000e\000u\000r\000s}{chapter.3}% 51
\BOOKMARK [2][-]{subsection.3.3.1}{\376\377\000R\000\351\000t\000r\000o\000-\000i\000n\000g\000\351\000n\000i\000e\000r\000i\000e\000\040\000d\000e\000s\000\040\000s\000\351\000q\000u\000e\000n\000c\000e\000s\000\040\000p\000i\000l\000o\000t\000e\000s}{section.3.3}% 52
\BOOKMARK [2][-]{subsection.3.3.2}{\376\377\000N\000o\000u\000v\000e\000l\000l\000e\000s\000\040\000f\000a\000m\000i\000l\000l\000e\000s\000\040\000d\000e\000\040\000s\000\351\000q\000u\000e\000n\000c\000e\000s\000\040\000o\000p\000t\000i\000m\000i\000s\000\351\000e\000s}{section.3.3}% 53
\BOOKMARK [2][-]{subsection.3.3.3}{\376\377\000S\000t\000r\000a\000t\000\351\000g\000i\000e\000s\000\040\000d\000'\000a\000l\000l\000o\000c\000a\000t\000i\000o\000n\000\040\000d\000y\000n\000a\000m\000i\000q\000u\000e\000\040\000d\000e\000s\000\040\000d\000\351\000m\000o\000d\000u\000l\000a\000t\000e\000u\000r\000s}{section.3.3}% 54
\BOOKMARK [2][-]{subsection.3.3.4}{\376\377\000R\000\351\000s\000u\000l\000t\000a\000t\000s\000\040\000e\000t\000\040\000a\000n\000a\000l\000y\000s\000e}{section.3.3}% 55
\BOOKMARK [2][-]{subsection.3.3.5}{\376\377\000L\000i\000m\000i\000t\000e\000s\000\040\000d\000e\000\040\000l\000'\000a\000p\000p\000r\000o\000c\000h\000e}{section.3.3}% 56
\BOOKMARK [1][-]{section.3.4}{\376\377\000P\000r\000\351\000-\000c\000o\000m\000p\000e\000n\000s\000a\000t\000i\000o\000n\000\040\000D\000o\000p\000p\000l\000e\000r\000\040\000p\000o\000u\000r\000\040\000l\000i\000a\000i\000s\000o\000n\000s\000\040\000d\000i\000r\000e\000c\000t\000e\000s\000\040\000v\000e\000r\000s\000\040\000s\000a\000t\000e\000l\000l\000i\000t\000e}{chapter.3}% 57
\BOOKMARK [2][-]{subsection.3.4.1}{\376\377\000M\000\351\000t\000h\000o\000d\000e\000\040\000d\000e\000\040\000p\000r\000\351\000-\000c\000o\000m\000p\000e\000n\000s\000a\000t\000i\000o\000n\000\040\000p\000a\000r\000\040\000b\000a\000l\000i\000s\000e\000s\000\040\000D\000o\000p\000p\000l\000e\000r}{section.3.4}% 58
\BOOKMARK [2][-]{subsection.3.4.2}{\376\377\000V\000a\000l\000i\000d\000a\000t\000i\000o\000n\000\040\000s\000u\000r\000\040\000d\000o\000n\000n\000\351\000e\000s\000\040\000r\000\351\000e\000l\000l\000e\000s}{section.3.4}% 59
\BOOKMARK [2][-]{subsection.3.4.3}{\376\377\000R\000\351\000s\000u\000l\000t\000a\000t\000s\000\040\000o\000b\000t\000e\000n\000u\000s}{section.3.4}% 60
\BOOKMARK [2][-]{subsection.3.4.4}{\376\377\000L\000i\000m\000i\000t\000e\000s\000\040\000d\000e\000\040\000l\000'\000a\000p\000p\000r\000o\000c\000h\000e}{section.3.4}% 61
\BOOKMARK [1][-]{section.3.5}{\376\377\000O\000p\000t\000i\000m\000i\000s\000a\000t\000i\000o\000n\000\040\000p\000a\000r\000\040\000a\000p\000p\000r\000e\000n\000t\000i\000s\000s\000a\000g\000e\000\040\000e\000t\000\040\000s\000a\000u\000t\000\040\000d\000e\000\040\000f\000r\000\351\000q\000u\000e\000n\000c\000e}{chapter.3}% 62
\BOOKMARK [2][-]{subsection.3.5.1}{\376\377\000A\000l\000g\000o\000r\000i\000t\000h\000m\000e\000s\000\040\000p\000r\000o\000p\000o\000s\000\351\000s}{section.3.5}% 63
\BOOKMARK [2][-]{subsection.3.5.2}{\376\377\000R\000\351\000s\000u\000l\000t\000a\000t\000s}{section.3.5}% 64
\BOOKMARK [2][-]{subsection.3.5.3}{\376\377\000L\000i\000m\000i\000t\000e\000s\000\040\000e\000t\000\040\000i\000n\000c\000o\000m\000p\000a\000t\000i\000b\000i\000l\000i\000t\000\351\000s\000\040\000m\000a\000j\000e\000u\000r\000e\000s\000\040\000a\000v\000e\000c\000\040\000l\000e\000\040\000L\000R\000-\000F\000H\000S\000S}{section.3.5}% 65
\BOOKMARK [2][-]{subsection.3.5.4}{\376\377\000A\000p\000p\000o\000r\000t\000\040\000p\000o\000u\000r\000\040\000n\000o\000t\000r\000e\000\040\000t\000r\000a\000v\000a\000i\000l}{section.3.5}% 66
\BOOKMARK [1][-]{section.3.6}{\376\377\000S\000y\000n\000t\000h\000\350\000s\000e\000\040\000c\000r\000i\000t\000i\000q\000u\000e\000\040\000e\000t\000\040\000p\000o\000s\000i\000t\000i\000o\000n\000n\000e\000m\000e\000n\000t\000\040\000d\000e\000\040\000n\000o\000s\000\040\000t\000r\000a\000v\000a\000u\000x}{chapter.3}% 67
\BOOKMARK [1][-]{section.3.7}{\376\377\000C\000o\000n\000c\000l\000u\000s\000i\000o\000n}{chapter.3}% 68
\BOOKMARK [0][-]{chapter.4}{\376\377\000P\000R\000\311\000S\000E\000N\000T\000A\000T\000I\000O\000N\000\040\000E\000T\000\040\000I\000M\000P\000L\000\311\000M\000E\000N\000T\000A\000T\000I\000O\000N\000\040\000D\000E\000\040\000L\000A\000\040\000S\000O\000L\000U\000T\000I\000O\000N}{}% 69
\BOOKMARK [1][-]{section.4.1}{\376\377\000I\000n\000t\000r\000o\000d\000u\000c\000t\000i\000o\000n}{chapter.4}% 70
\BOOKMARK [1][-]{section.4.2}{\376\377\000P\000r\000o\000b\000l\000\351\000m\000a\000t\000i\000q\000u\000e\000\040\000e\000t\000\040\000f\000o\000r\000m\000a\000l\000i\000s\000m\000e\000\040\000M\000D\000P}{chapter.4}% 71
\BOOKMARK [2][-]{subsection.4.2.1}{\376\377\000F\000o\000r\000m\000u\000l\000a\000t\000i\000o\000n\000\040\000e\000n\000\040\000p\000r\000o\000c\000e\000s\000s\000u\000s\000\040\000d\000e\000\040\000d\000\351\000c\000i\000s\000i\000o\000n\000\040\000m\000a\000r\000k\000o\000v\000i\000e\000n}{section.4.2}% 72
\BOOKMARK [2][-]{subsection.4.2.2}{\376\377\000D\000\351\000f\000i\000n\000i\000t\000i\000o\000n\000\040\000d\000e\000\040\000l\000'\000e\000s\000p\000a\000c\000e\000\040\000d\000'\000\351\000t\000a\000t\000s}{section.4.2}% 73
\BOOKMARK [2][-]{subsection.4.2.3}{\376\377\000D\000\351\000f\000i\000n\000i\000t\000i\000o\000n\000\040\000d\000e\000\040\000l\000'\000e\000s\000p\000a\000c\000e\000\040\000d\000'\000a\000c\000t\000i\000o\000n\000s}{section.4.2}% 74
\BOOKMARK [2][-]{subsection.4.2.4}{\376\377\000C\000o\000n\000c\000e\000p\000t\000i\000o\000n\000\040\000d\000e\000\040\000l\000a\000\040\000f\000o\000n\000c\000t\000i\000o\000n\000\040\000d\000e\000\040\000r\000\351\000c\000o\000m\000p\000e\000n\000s\000e}{section.4.2}% 75
\BOOKMARK [3][-]{subsubsection.4.2.4.1}{\376\377\000A\000n\000a\000l\000y\000s\000e\000\040\000d\000e\000s\000\040\000p\000o\000i\000d\000s\000\040\000r\000e\000l\000a\000t\000i\000f\000s\000\040\000d\000e\000s\000\040\000o\000b\000j\000e\000c\000t\000i\000f\000s\000\040\000d\000e\000\040\000l\000a\000\040\000f\000o\000n\000c\000t\000i\000o\000n\000\040\000d\000e\000\040\000r\000\351\000c\000o\000m\000p\000e\000n\000s\000e}{subsection.4.2.4}% 76
\BOOKMARK [1][-]{section.4.3}{\376\377\000A\000r\000c\000h\000i\000t\000e\000c\000t\000u\000r\000e\000\040\000d\000e\000\040\000l\000'\000a\000g\000e\000n\000t\000\040\000D\000D\000Q\000N}{chapter.4}% 77
\BOOKMARK [2][-]{subsection.4.3.1}{\376\377\000P\000r\000i\000n\000c\000i\000p\000e\000\040\000d\000e\000\040\000l\000'\000a\000l\000g\000o\000r\000i\000t\000h\000m\000e\000\040\000D\000D\000Q\000N}{section.4.3}% 78
\BOOKMARK [2][-]{subsection.4.3.2}{\376\377\000A\000r\000c\000h\000i\000t\000e\000c\000t\000u\000r\000e\000\040\000d\000u\000\040\000r\000\351\000s\000e\000a\000u\000\040\000d\000e\000\040\000n\000e\000u\000r\000o\000n\000e\000s}{section.4.3}% 79
\BOOKMARK [1][-]{section.4.4}{\376\377\000A\000l\000g\000o\000r\000i\000t\000h\000m\000e\000\040\000e\000t\000\040\000e\000n\000v\000i\000r\000o\000n\000n\000e\000m\000e\000n\000t\000\040\000d\000'\000e\000n\000t\000r\000a\000\356\000n\000e\000m\000e\000n\000t}{chapter.4}% 80
\BOOKMARK [2][-]{subsection.4.4.1}{\376\377\000E\000n\000v\000i\000r\000o\000n\000n\000e\000m\000e\000n\000t\000\040\000d\000'\000a\000p\000p\000r\000e\000n\000t\000i\000s\000s\000a\000g\000e}{section.4.4}% 81
\BOOKMARK [2][-]{subsection.4.4.2}{\376\377\000S\000t\000r\000a\000t\000\351\000g\000i\000e\000\040\000d\000'\000e\000x\000p\000l\000o\000r\000a\000t\000i\000o\000n\000\040\000:\000\040\000e\000p\000s\000i\000l\000o\000n\000-\000g\000r\000e\000e\000d\000y}{section.4.4}% 82
\BOOKMARK [2][-]{subsection.4.4.3}{\376\377\000M\000\351\000c\000a\000n\000i\000s\000m\000e\000s\000\040\000c\000l\000\351\000s\000\040\000d\000e\000\040\000l\000'\000a\000p\000p\000r\000e\000n\000t\000i\000s\000s\000a\000g\000e}{section.4.4}% 83
\BOOKMARK [3][-]{subsubsection.4.4.3.1}{\376\377\000M\000\351\000m\000o\000i\000r\000e\000\040\000d\040\031\000e\000x\000p\000\351\000r\000i\000e\000n\000c\000e\000\040\000\050\000R\000e\000p\000l\000a\000y\000\040\000B\000u\000f\000f\000e\000r\000\051}{subsection.4.4.3}% 84
\BOOKMARK [3][-]{subsubsection.4.4.3.2}{\376\377\000R\000\351\000s\000e\000a\000u\000x\000\040\000c\000i\000b\000l\000e\000\040\000e\000t\000\040\000p\000r\000i\000n\000c\000i\000p\000a\000l}{subsection.4.4.3}% 85
\BOOKMARK [2][-]{subsection.4.4.4}{\376\377\000A\000l\000g\000o\000r\000i\000t\000h\000m\000e\000\040\000d\000'\000e\000n\000t\000r\000a\000\356\000n\000e\000m\000e\000n\000t\000\040\000c\000o\000m\000p\000l\000e\000t}{section.4.4}% 86
\BOOKMARK [2][-]{subsection.4.4.5}{\376\377\000H\000y\000p\000e\000r\000p\000a\000r\000a\000m\000\350\000t\000r\000e\000s\000\040\000e\000t\000\040\000c\000o\000u\000r\000b\000e\000s\000\040\000d\000'\000a\000p\000p\000r\000e\000n\000t\000i\000s\000s\000a\000g\000e}{section.4.4}% 87
\BOOKMARK [3][-]{subsubsection.4.4.5.1}{\376\377\000C\000o\000n\000f\000i\000g\000u\000r\000a\000t\000i\000o\000n\000\040\000d\000e\000s\000\040\000h\000y\000p\000e\000r\000p\000a\000r\000a\000m\000\350\000t\000r\000e\000s}{subsection.4.4.5}% 88
\BOOKMARK [3][-]{subsubsection.4.4.5.2}{\376\377\000A\000n\000a\000l\000y\000s\000e\000\040\000d\000e\000\040\000l\000a\000\040\000c\000o\000n\000v\000e\000r\000g\000e\000n\000c\000e}{subsection.4.4.5}% 89
\BOOKMARK [1][-]{section.4.5}{\376\377\000C\000o\000n\000c\000l\000u\000s\000i\000o\000n}{chapter.4}% 90
\BOOKMARK [0][-]{chapter.5}{\376\377\000\311\000V\000A\000L\000U\000A\000T\000I\000O\000N\000\040\000D\000E\000\040\000L\000A\000\040\000S\000O\000L\000U\000T\000I\000O\000N}{}% 91
\BOOKMARK [1][-]{section.5.1}{\376\377\000I\000n\000t\000r\000o\000d\000u\000c\000t\000i\000o\000n}{chapter.5}% 92
\BOOKMARK [1][-]{section.5.2}{\376\377\000O\000u\000t\000i\000l\000\040\000d\000e\000\040\000s\000i\000m\000u\000l\000a\000t\000i\000o\000n\000\040\000d\000\351\000v\000e\000l\000o\000p\000p\000\351}{chapter.5}% 93
\BOOKMARK [2][-]{subsection.5.2.1}{\376\377\000A\000r\000c\000h\000i\000t\000e\000c\000t\000u\000r\000e\000\040\000e\000t\000\040\000c\000o\000m\000p\000o\000s\000a\000n\000t\000s\000\040\000f\000o\000n\000d\000a\000m\000e\000n\000t\000a\000u\000x}{section.5.2}% 94
\BOOKMARK [2][-]{subsection.5.2.2}{\376\377\000M\000o\000d\000\351\000l\000i\000s\000a\000t\000i\000o\000n\000\040\000d\000u\000\040\000c\000a\000n\000a\000l\000\040\000d\000e\000\040\000p\000r\000o\000p\000a\000g\000a\000t\000i\000o\000n}{section.5.2}% 95
\BOOKMARK [2][-]{subsection.5.2.3}{\376\377\000P\000a\000r\000a\000m\000\350\000t\000r\000e\000s\000\040\000L\000R\000-\000F\000H\000S\000S\000\040\000i\000m\000p\000l\000\351\000m\000e\000n\000t\000\351\000s}{section.5.2}% 96
\BOOKMARK [2][-]{subsection.5.2.4}{\376\377\000D\000\351\000t\000e\000c\000t\000i\000o\000n\000\040\000d\000e\000s\000\040\000c\000o\000l\000l\000i\000s\000i\000o\000n\000s\000\040\000e\000t\000\040\000\351\000v\000a\000l\000u\000a\000t\000i\000o\000n\000\040\000d\000u\000\040\000s\000u\000c\000c\000\350\000s}{section.5.2}% 97
\BOOKMARK [2][-]{subsection.5.2.5}{\376\377\000M\000\351\000t\000r\000i\000q\000u\000e\000s\000\040\000e\000t\000\040\000r\000e\000p\000r\000o\000d\000u\000c\000t\000i\000b\000i\000l\000i\000t\000\351}{section.5.2}% 98
\BOOKMARK [2][-]{subsection.5.2.6}{\376\377\000C\000a\000l\000c\000u\000l\000\040\000d\000e\000\040\000l\000'\000\351\000n\000e\000r\000g\000i\000e\000\040\000p\000a\000r\000\040\000p\000a\000q\000u\000e\000t}{section.5.2}% 99
\BOOKMARK [2][-]{subsection.5.2.7}{\376\377\000V\000a\000l\000i\000d\000a\000t\000i\000o\000n\000\040\000e\000x\000p\000\351\000r\000i\000m\000e\000n\000t\000a\000l\000e}{section.5.2}% 100
\BOOKMARK [3][-]{subsubsection.5.2.7.1}{\376\377\000M\000\351\000t\000h\000o\000d\000o\000l\000o\000g\000i\000e\000\040\000d\000e\000\040\000v\000a\000l\000i\000d\000a\000t\000i\000o\000n}{subsection.5.2.7}% 101
\BOOKMARK [3][-]{subsubsection.5.2.7.2}{\376\377\000A\000n\000a\000l\000y\000s\000e\000\040\000c\000o\000m\000p\000a\000r\000a\000t\000i\000v\000e\000\040\000p\000a\000r\000\040\000D\000R}{subsection.5.2.7}% 102
\BOOKMARK [3][-]{subsubsection.5.2.7.3}{\376\377\000A\000n\000a\000l\000y\000s\000e\000\040\000g\000l\000o\000b\000a\000l\000e\000\040\000e\000t\000\040\000q\000u\000a\000n\000t\000i\000f\000i\000c\000a\000t\000i\000o\000n\000\040\000d\000e\000s\000\040\000e\000r\000r\000e\000u\000r\000s}{subsection.5.2.7}% 103
\BOOKMARK [1][-]{section.5.3}{\376\377\000M\000\351\000t\000h\000o\000d\000o\000l\000o\000g\000i\000e\000\040\000d\000'\000\351\000v\000a\000l\000u\000a\000t\000i\000o\000n}{chapter.5}% 104
\BOOKMARK [2][-]{subsection.5.3.1}{\376\377\000P\000r\000o\000t\000o\000c\000o\000l\000e}{section.5.3}% 105
\BOOKMARK [2][-]{subsection.5.3.2}{\376\377\000M\000\351\000t\000r\000i\000q\000u\000e\000s\000\040\000d\000e\000\040\000p\000e\000r\000f\000o\000r\000m\000a\000n\000c\000e}{section.5.3}% 106
\BOOKMARK [1][-]{section.5.4}{\376\377\000R\000\351\000s\000u\000l\000t\000a\000t\000s\000\040\000e\000t\000\040\000a\000n\000a\000l\000y\000s\000e\000\040\000c\000o\000m\000p\000a\000r\000a\000t\000i\000v\000e}{chapter.5}% 107
\BOOKMARK [2][-]{subsection.5.4.1}{\376\377\000A\000n\000a\000l\000y\000s\000e\000\040\000g\000l\000o\000b\000a\000l\000e\000\040\000d\000e\000s\000\040\000p\000e\000r\000f\000o\000r\000m\000a\000n\000c\000e\000s}{section.5.4}% 108
\BOOKMARK [2][-]{subsection.5.4.2}{\376\377\000A\000n\000a\000l\000y\000s\000e\000\040\000d\000e\000\040\000l\000a\000\040\000s\000t\000r\000a\000t\000\351\000g\000i\000e\000\040\000d\000'\000a\000d\000a\000p\000t\000a\000t\000i\000o\000n\000\040\000d\000u\000\040\000D\000D\000Q\000N}{section.5.4}% 109
\BOOKMARK [2][-]{subsection.5.4.3}{\376\377\000A\000n\000a\000l\000y\000s\000e\000\040\000c\000o\000m\000p\000a\000r\000a\000t\000i\000v\000e\000\040\000d\000\351\000t\000a\000i\000l\000l\000\351\000e\000\040\000p\000a\000r\000\040\000D\000R}{section.5.4}% 110
\BOOKMARK [2][-]{subsection.5.4.4}{\376\377\000A\000n\000a\000l\000y\000s\000e\000\040\000d\000e\000s\000\040\000p\000e\000r\000f\000o\000r\000m\000a\000n\000c\000e\000s\000\040\000p\000a\000r\000\040\000d\000i\000s\000t\000a\000n\000c\000e}{section.5.4}% 111
\BOOKMARK [2][-]{subsection.5.4.5}{\376\377\000S\000y\000n\000t\000h\000\350\000s\000e\000\040\000d\000e\000s\000\040\000g\000a\000i\000n\000s\000\040\000a\000p\000p\000o\000r\000t\000\351\000s\000\040\000p\000a\000r\000\040\000l\000e\000\040\000D\000D\000Q\000N}{section.5.4}% 112
\BOOKMARK [1][-]{section.5.5}{\376\377\000L\000i\000m\000i\000t\000e\000s\000\040\000e\000t\000\040\000p\000e\000r\000s\000p\000e\000c\000t\000i\000v\000e\000s}{chapter.5}% 113
\BOOKMARK [2][-]{subsection.5.5.1}{\376\377\000L\000i\000m\000i\000t\000e\000s\000\040\000d\000e\000\040\000n\000o\000t\000r\000e\000\040\000s\000o\000l\000u\000t\000i\000o\000n}{section.5.5}% 114
\BOOKMARK [2][-]{subsection.5.5.2}{\376\377\000P\000e\000r\000s\000p\000e\000c\000t\000i\000v\000e\000s}{section.5.5}% 115
\BOOKMARK [1][-]{section.5.6}{\376\377\000C\000o\000n\000c\000l\000u\000s\000i\000o\000n}{chapter.5}% 116
\BOOKMARK [0][-]{section.5.6}{\376\377\000C\000O\000N\000C\000L\000U\000S\000I\000O\000N\000\040\000G\000\311\000N\000\311\000R\000A\000L\000E}{}% 117
\BOOKMARK [0][-]{chapter*.42}{\376\377\000R\000\311\000F\000\311\000R\000E\000N\000C\000E\000S\000\040\000E\000T\000\040\000B\000I\000B\000L\000I\000O\000G\000R\000A\000P\000H\000I\000E}{}% 118
\BOOKMARK [0][-]{etoc@tocid.2}{\376\377\000T\000A\000B\000L\000E\000\040\000D\000E\000S\000\040\000M\000A\000T\000I\000\310\000R\000E\000S}{}% 119
